#
# A fatal error has been detected by the Java Runtime Environment:
#
#  EXCEPTION_ACCESS_VIOLATION (0xc0000005) at pc=0x00007ffb055d2eb0, pid=11012, tid=1688
#
# JRE version: OpenJDK Runtime Environment (11.0.13) (build 11.0.13+0-b1751.21-8125866)
# Java VM: OpenJDK 64-Bit Server VM (11.0.13+0-b1751.21-8125866, mixed mode, tiered, compressed oops, g1 gc, windows-amd64)
# Problematic frame:
# V  [jvm.dll+0x202eb0]
#
# No core dump will be written. Minidumps are not enabled by default on client versions of Windows
#
# If you would like to submit a bug report, please visit:
#   https://bugreport.java.com/bugreport/crash.jsp
#

---------------  S U M M A R Y ------------

Command Line: org.jetbrains.kotlin.cli.jvm.K2JVMCompiler @C:\Users\JOSH\work_projects\AndroidStudioProjects\Medix\features\message-feature\build\20221215_14206563548237933295.compiler.options

Host: Intel(R) Core(TM) i5-6200U CPU @ 2.30GHz, 4 cores, 7G,  Windows 10 , 64 bit Build 19041 (10.0.19041.546)
Time: Thu Dec 15 15:38:16 2022 W. Central Africa Standard Time elapsed time: 3835.237682 seconds (0d 1h 3m 55s)

---------------  T H R E A D  ---------------

Current thread (0x00000182b9eba000):  JavaThread "C2 CompilerThread0" daemon [_thread_blocked, id=1688, stack(0x0000007589500000,0x0000007589600000)]

Stack: [0x0000007589500000,0x0000007589600000],  sp=0x00000075895fbb10,  free space=1006k
Native frames: (J=compiled Java code, j=interpreted, Vv=VM code, C=native code)
V  [jvm.dll+0x202eb0]
V  [jvm.dll+0x63fdcd]
V  [jvm.dll+0x19da90]
V  [jvm.dll+0x2033be]
V  [jvm.dll+0x202437]
V  [jvm.dll+0x188e01]
V  [jvm.dll+0x21106b]
V  [jvm.dll+0x20f8c1]
V  [jvm.dll+0x70de0f]
V  [jvm.dll+0x706a75]
V  [jvm.dll+0x60ed66]
C  [ucrtbase.dll+0x214c2]
C  [KERNEL32.DLL+0x17034]
C  [ntdll.dll+0x4cec1]


siginfo: EXCEPTION_ACCESS_VIOLATION (0xc0000005), reading address 0x0000000000000088


Register to memory mapping:

RIP=0x00007ffb055d2eb0 jvm.dll
RAX=0x0 is NULL
RBX=0x00000075895fbba0 is pointing into the stack for thread: 0x00000182b9eba000
RCX=0x0000000000000008 is an unknown value
RDX=0x00000182b9eba000 is a thread
RSP=0x00000075895fbb10 is pointing into the stack for thread: 0x00000182b9eba000
RBP=0x00000075895fbbe9 is pointing into the stack for thread: 0x00000182b9eba000
RSI=0x00000182bfbe2c88 points into unknown readable memory: 0x10d15d5ab3369f55 | 55 9f 36 b3 5a 5d d1 10
RDI=0x00000182bfbdd6d0 points into unknown readable memory: 0x0000000000000000 | 00 00 00 00 00 00 00 00
R8 =0x0000000000000005 is an unknown value
R9 =0x00000182bc4486d0 points into unknown readable memory: 0x00007ffb05bf6fd8 | d8 6f bf 05 fb 7f 00 00
R10=0x0 is NULL
R11=0x00000075895fbb48 is pointing into the stack for thread: 0x00000182b9eba000
R12=0x00000000000001a0 is an unknown value
R13=0x00000182b9e43280 points into unknown readable memory: 0x0000018200000006 | 06 00 00 00 82 01 00 00
R14=0x00000000000ad7a0 is an unknown value
R15=0x00000075895fc0b0 is pointing into the stack for thread: 0x00000182b9eba000


Registers:
RAX=0x0000000000000000, RBX=0x00000075895fbba0, RCX=0x0000000000000008, RDX=0x00000182b9eba000
RSP=0x00000075895fbb10, RBP=0x00000075895fbbe9, RSI=0x00000182bfbe2c88, RDI=0x00000182bfbdd6d0
R8 =0x0000000000000005, R9 =0x00000182bc4486d0, R10=0x0000000000000000, R11=0x00000075895fbb48
R12=0x00000000000001a0, R13=0x00000182b9e43280, R14=0x00000000000ad7a0, R15=0x00000075895fc0b0
RIP=0x00007ffb055d2eb0, EFLAGS=0x0000000000010246

Top of Stack: (sp=0x00000075895fbb10)
0x00000075895fbb10:   00000182be667538 0000000000000000
0x00000075895fbb20:   00000075895fc0b0 00000182b9e43280
0x00000075895fbb30:   000000000000019f 0000000000000008
0x00000075895fbb40:   00000182bfbdaca0 00007ffb05a0fdcd
0x00000075895fbb50:   00000075895fc0b0 0000000000000028
0x00000075895fbb60:   0000018200000005 00000075895fbbe9
0x00000075895fbb70:   00000075895fbb80 0000000000000000
0x00000075895fbb80:   0000027100000271 0000000000000000
0x00000075895fbb90:   0000018200000007 00000182bfbdd6d0
0x00000075895fbba0:   00000182c0960000 0000000000000000
0x00000075895fbbb0:   00000182c0969ed0 0000000000000000
0x00000075895fbbc0:   0000000000000000 00007ffb05c695c8
0x00000075895fbbd0:   0000000000000000 0000000000000000
0x00000075895fbbe0:   0000000000000000 00007ffb05c695c8
0x00000075895fbbf0:   0000000000000000 00000075895fe5a0
0x00000075895fbc00:   0000000000000000 00000182bb0297e0 

Instructions: (pc=0x00007ffb055d2eb0)
0x00007ffb055d2db0:   3c e1 52 00 48 8b 5c 24 30 48 8b c7 c7 47 40 00
0x00007ffb055d2dc0:   00 00 00 48 83 c4 20 5f c3 cc cc cc cc cc cc cc
0x00007ffb055d2dd0:   48 89 5c 24 08 48 89 74 24 10 57 48 83 ec 20 48
0x00007ffb055d2de0:   8d 05 5a 43 62 00 33 f6 48 89 01 48 8b f9 48 83
0x00007ffb055d2df0:   b9 18 01 00 00 01 75 25 48 8b 91 28 01 00 00 89
0x00007ffb055d2e00:   b1 10 01 00 00 48 85 d2 74 13 48 81 c1 10 01 00
0x00007ffb055d2e10:   00 e8 5a 24 2e 00 48 89 b7 28 01 00 00 48 83 bf
0x00007ffb055d2e20:   f8 00 00 00 01 75 25 48 8b 97 08 01 00 00 89 b7
0x00007ffb055d2e30:   f0 00 00 00 48 85 d2 74 13 48 8d 8f f0 00 00 00
0x00007ffb055d2e40:   e8 2b 24 2e 00 48 89 b7 08 01 00 00 48 8b 5c 24
0x00007ffb055d2e50:   30 48 8d 05 a0 f2 60 00 48 8b 74 24 38 48 89 87
0x00007ffb055d2e60:   a0 00 00 00 48 89 87 80 00 00 00 48 89 47 28 48
0x00007ffb055d2e70:   83 c4 20 5f c3 cc cc cc cc cc cc cc cc cc cc cc
0x00007ffb055d2e80:   40 53 48 83 ec 30 8b 15 80 17 86 00 48 8b d9 65
0x00007ffb055d2e90:   48 8b 04 25 58 00 00 00 b9 08 00 00 00 80 7b 50
0x00007ffb055d2ea0:   00 48 8b 04 d0 48 8b 14 08 48 8b 82 e8 04 00 00
0x00007ffb055d2eb0:   48 8b 80 88 00 00 00 48 89 43 38 74 0d 48 8b 80
0x00007ffb055d2ec0:   68 01 00 00 48 89 43 40 eb 08 48 c7 43 40 00 00
0x00007ffb055d2ed0:   00 00 48 8b 4b 40 48 85 c9 74 2b 48 8b 53 38 4c
0x00007ffb055d2ee0:   8b 43 48 8b 82 d0 01 00 00 2b 82 f8 01 00 00 44
0x00007ffb055d2ef0:   8b 8a d0 01 00 00 48 8d 15 fb 49 63 00 89 44 24
0x00007ffb055d2f00:   20 e8 9a f7 56 00 48 8b cb 48 83 c4 30 5b e9 fd
0x00007ffb055d2f10:   52 51 00 cc cc cc cc cc cc cc cc cc cc cc cc cc
0x00007ffb055d2f20:   48 89 5c 24 08 57 48 83 ec 20 48 8b fa 48 8b d9
0x00007ffb055d2f30:   e8 ab 00 00 00 0f 10 87 88 09 00 00 48 8d 97 f8
0x00007ffb055d2f40:   09 00 00 48 8d 8b f8 09 00 00 0f 11 83 88 09 00
0x00007ffb055d2f50:   00 0f 10 8f 98 09 00 00 0f 11 8b 98 09 00 00 f2
0x00007ffb055d2f60:   0f 10 87 a8 09 00 00 f2 0f 11 83 a8 09 00 00 0f
0x00007ffb055d2f70:   b6 87 b0 09 00 00 88 83 b0 09 00 00 0f 10 87 b8
0x00007ffb055d2f80:   09 00 00 0f 11 83 b8 09 00 00 0f 10 8f c8 09 00
0x00007ffb055d2f90:   00 0f 11 8b c8 09 00 00 0f 10 87 d8 09 00 00 0f
0x00007ffb055d2fa0:   11 83 d8 09 00 00 0f 10 8f e8 09 00 00 0f 11 8b 


Stack slot to memory mapping:
stack at sp + 0 slots: 0x00000182be667538 points into unknown readable memory: 0x00007ffb05be2d48 | 48 2d be 05 fb 7f 00 00
stack at sp + 1 slots: 0x0 is NULL
stack at sp + 2 slots: 0x00000075895fc0b0 is pointing into the stack for thread: 0x00000182b9eba000
stack at sp + 3 slots: 0x00000182b9e43280 points into unknown readable memory: 0x0000018200000006 | 06 00 00 00 82 01 00 00
stack at sp + 4 slots: 0x000000000000019f is an unknown value
stack at sp + 5 slots: 0x0000000000000008 is an unknown value
stack at sp + 6 slots: 0x00000182bfbdaca0 points into unknown readable memory: 0x0000000000000000 | 00 00 00 00 00 00 00 00
stack at sp + 7 slots: 0x00007ffb05a0fdcd jvm.dll


---------------  P R O C E S S  ---------------

Threads class SMR info:
_java_thread_list=0x00000182bfbb19d0, length=10, elements={
0x000001829e40b800, 0x00000182b9e97000, 0x00000182b9e9a000, 0x00000182b9eb2000,
0x00000182b9eb4000, 0x00000182b9eb5000, 0x00000182b9eba000, 0x00000182b9ebd800,
0x00000182b9ede800, 0x00000182ba984000
}

Java Threads: ( => current thread )
  0x000001829e40b800 JavaThread "main" [_thread_blocked, id=3472, stack(0x0000007588900000,0x0000007588a00000)]
  0x00000182b9e97000 JavaThread "Reference Handler" daemon [_thread_blocked, id=11384, stack(0x0000007589000000,0x0000007589100000)]
  0x00000182b9e9a000 JavaThread "Finalizer" daemon [_thread_blocked, id=8968, stack(0x0000007589100000,0x0000007589200000)]
  0x00000182b9eb2000 JavaThread "Signal Dispatcher" daemon [_thread_blocked, id=10712, stack(0x0000007589200000,0x0000007589300000)]
  0x00000182b9eb4000 JavaThread "Attach Listener" daemon [_thread_blocked, id=13552, stack(0x0000007589300000,0x0000007589400000)]
  0x00000182b9eb5000 JavaThread "Service Thread" daemon [_thread_blocked, id=6284, stack(0x0000007589400000,0x0000007589500000)]
=>0x00000182b9eba000 JavaThread "C2 CompilerThread0" daemon [_thread_blocked, id=1688, stack(0x0000007589500000,0x0000007589600000)]
  0x00000182b9ebd800 JavaThread "C1 CompilerThread0" daemon [_thread_in_vm, id=13160, stack(0x0000007589600000,0x0000007589700000)]
  0x00000182b9ede800 JavaThread "Sweeper thread" daemon [_thread_blocked, id=9776, stack(0x0000007589700000,0x0000007589800000)]
  0x00000182ba984000 JavaThread "Common-Cleaner" daemon [_thread_blocked, id=3168, stack(0x0000007589900000,0x0000007589a00000)]

Other Threads:
  0x00000182b9e6a000 VMThread "VM Thread" [stack: 0x0000007588f00000,0x0000007589000000] [id=4404]
  0x00000182ba967800 WatcherThread [stack: 0x0000007589800000,0x0000007589900000] [id=10456]
  0x000001829e424800 GCTaskThread "GC Thread#0" [stack: 0x0000007588a00000,0x0000007588b00000] [id=5884]
  0x00000182bad54800 GCTaskThread "GC Thread#1" [stack: 0x0000007589a00000,0x0000007589b00000] [id=12268]
  0x00000182bad55000 GCTaskThread "GC Thread#2" [stack: 0x0000007589b00000,0x0000007589c00000] [id=9792]
  0x000001829e456800 ConcurrentGCThread "G1 Main Marker" [stack: 0x0000007588b00000,0x0000007588c00000] [id=13808]
  0x000001829e458000 ConcurrentGCThread "G1 Conc#0" [stack: 0x0000007588c00000,0x0000007588d00000] [id=5652]
  0x000001829e4e6000 ConcurrentGCThread "G1 Refine#0" [stack: 0x0000007588d00000,0x0000007588e00000] [id=10080]
  0x000001829e4e8000 ConcurrentGCThread "G1 Young RemSet Sampling" [stack: 0x0000007588e00000,0x0000007588f00000] [id=12244]

Threads with active compile tasks:
C1 CompilerThread03838661 6196       1       javaslang.collection.HashArrayMappedTrieModule$IndexedNode::size (5 bytes)

VM state:synchronizing (normal execution)

VM Mutex/Monitor currently owned by a thread:  ([mutex/lock_event])
[0x000001829e407ff0] Threads_lock - owner thread: 0x00000182b9e6a000

Heap address: 0x0000000081800000, size: 2024 MB, Compressed Oops mode: 32-bit
Narrow klass base: 0x0000000000000000, Narrow klass shift: 3
Compressed class space size: 1073741824 Address: 0x0000000100000000

Heap:
 garbage-first heap   total 131072K, used 52224K [0x0000000081800000, 0x0000000100000000)
  region size 1024K, 20 young (20480K), 8 survivors (8192K)
 Metaspace       used 57746K, capacity 58413K, committed 58700K, reserved 1101824K
  class space    used 6578K, capacity 6857K, committed 6988K, reserved 1048576K
Heap Regions: E=young(eden), S=young(survivor), O=old, HS=humongous(starts), HC=humongous(continues), CS=collection set, F=free, A=archive, TAMS=top-at-mark-start (previous, next)
|   0|0x0000000081800000, 0x0000000081900000, 0x0000000081900000|100%|HS|  |TAMS 0x0000000081900000, 0x0000000081800000| Complete 
|   1|0x0000000081900000, 0x0000000081a00000, 0x0000000081a00000|100%|HC|  |TAMS 0x0000000081a00000, 0x0000000081900000| Complete 
|   2|0x0000000081a00000, 0x0000000081b00000, 0x0000000081b00000|100%|HC|  |TAMS 0x0000000081b00000, 0x0000000081a00000| Complete 
|   3|0x0000000081b00000, 0x0000000081c00000, 0x0000000081c00000|100%| O|  |TAMS 0x0000000081c00000, 0x0000000081b00000| Untracked 
|   4|0x0000000081c00000, 0x0000000081d00000, 0x0000000081d00000|100%| O|  |TAMS 0x0000000081d00000, 0x0000000081c00000| Untracked 
|   5|0x0000000081d00000, 0x0000000081e00000, 0x0000000081e00000|100%|HS|  |TAMS 0x0000000081e00000, 0x0000000081d00000| Complete 
|   6|0x0000000081e00000, 0x0000000081f00000, 0x0000000081f00000|100%|HC|  |TAMS 0x0000000081f00000, 0x0000000081e00000| Complete 
|   7|0x0000000081f00000, 0x0000000082000000, 0x0000000082000000|100%|HC|  |TAMS 0x0000000082000000, 0x0000000081f00000| Complete 
|   8|0x0000000082000000, 0x0000000082100000, 0x0000000082100000|100%| O|  |TAMS 0x0000000082000000, 0x0000000082000000| Untracked 
|   9|0x0000000082100000, 0x0000000082200000, 0x0000000082200000|100%| O|  |TAMS 0x0000000082100000, 0x0000000082100000| Untracked 
|  10|0x0000000082200000, 0x0000000082300000, 0x0000000082300000|100%| O|  |TAMS 0x0000000082300000, 0x0000000082200000| Untracked 
|  11|0x0000000082300000, 0x0000000082400000, 0x0000000082400000|100%| O|  |TAMS 0x0000000082400000, 0x0000000082300000| Untracked 
|  12|0x0000000082400000, 0x0000000082500000, 0x0000000082500000|100%| O|  |TAMS 0x0000000082500000, 0x0000000082400000| Untracked 
|  13|0x0000000082500000, 0x0000000082600000, 0x0000000082600000|100%| O|  |TAMS 0x0000000082600000, 0x0000000082500000| Untracked 
|  14|0x0000000082600000, 0x0000000082700000, 0x0000000082700000|100%| O|  |TAMS 0x0000000082700000, 0x0000000082600000| Untracked 
|  15|0x0000000082700000, 0x0000000082800000, 0x0000000082800000|100%| O|  |TAMS 0x0000000082800000, 0x0000000082700000| Untracked 
|  16|0x0000000082800000, 0x0000000082900000, 0x0000000082900000|100%| O|  |TAMS 0x0000000082900000, 0x0000000082800000| Untracked 
|  17|0x0000000082900000, 0x0000000082a00000, 0x0000000082a00000|100%| O|  |TAMS 0x0000000082a00000, 0x0000000082900000| Untracked 
|  18|0x0000000082a00000, 0x0000000082b00000, 0x0000000082b00000|100%| O|  |TAMS 0x0000000082b00000, 0x0000000082a00000| Untracked 
|  19|0x0000000082b00000, 0x0000000082c00000, 0x0000000082c00000|100%| O|  |TAMS 0x0000000082c00000, 0x0000000082b00000| Untracked 
|  20|0x0000000082c00000, 0x0000000082d00000, 0x0000000082d00000|100%| O|  |TAMS 0x0000000082cb1000, 0x0000000082c00000| Untracked 
|  21|0x0000000082d00000, 0x0000000082e00000, 0x0000000082e00000|100%|HS|  |TAMS 0x0000000082d00000, 0x0000000082d00000| Complete 
|  22|0x0000000082e00000, 0x0000000082f00000, 0x0000000082f00000|100%|HC|  |TAMS 0x0000000082e00000, 0x0000000082e00000| Complete 
|  23|0x0000000082f00000, 0x0000000083000000, 0x0000000083000000|100%| O|  |TAMS 0x0000000082f00000, 0x0000000082f00000| Untracked 
|  24|0x0000000083000000, 0x0000000083100000, 0x0000000083100000|100%| O|  |TAMS 0x0000000083000000, 0x0000000083000000| Untracked 
|  25|0x0000000083100000, 0x0000000083200000, 0x0000000083200000|100%| O|  |TAMS 0x0000000083100000, 0x0000000083100000| Untracked 
|  26|0x0000000083200000, 0x0000000083300000, 0x0000000083300000|100%| O|  |TAMS 0x0000000083200000, 0x0000000083200000| Untracked 
|  27|0x0000000083300000, 0x0000000083400000, 0x0000000083400000|100%| O|  |TAMS 0x0000000083300000, 0x0000000083300000| Untracked 
|  28|0x0000000083400000, 0x0000000083500000, 0x0000000083500000|100%| O|  |TAMS 0x0000000083400000, 0x0000000083400000| Untracked 
|  29|0x0000000083500000, 0x0000000083600000, 0x0000000083600000|100%| O|  |TAMS 0x0000000083500000, 0x0000000083500000| Untracked 
|  30|0x0000000083600000, 0x0000000083700000, 0x0000000083700000|100%| O|  |TAMS 0x0000000083600000, 0x0000000083600000| Untracked 
|  31|0x0000000083700000, 0x0000000083800000, 0x0000000083800000|100%| O|  |TAMS 0x0000000083700000, 0x0000000083700000| Untracked 
|  32|0x0000000083800000, 0x0000000083800000, 0x0000000083900000|  0%| F|  |TAMS 0x0000000083800000, 0x0000000083800000| Untracked 
|  33|0x0000000083900000, 0x0000000083900000, 0x0000000083a00000|  0%| F|  |TAMS 0x0000000083900000, 0x0000000083900000| Untracked 
|  34|0x0000000083a00000, 0x0000000083a00000, 0x0000000083b00000|  0%| F|  |TAMS 0x0000000083a00000, 0x0000000083a00000| Untracked 
|  35|0x0000000083b00000, 0x0000000083b00000, 0x0000000083c00000|  0%| F|  |TAMS 0x0000000083b00000, 0x0000000083b00000| Untracked 
|  36|0x0000000083c00000, 0x0000000083c00000, 0x0000000083d00000|  0%| F|  |TAMS 0x0000000083c00000, 0x0000000083c00000| Untracked 
|  37|0x0000000083d00000, 0x0000000083d00000, 0x0000000083e00000|  0%| F|  |TAMS 0x0000000083d00000, 0x0000000083d00000| Untracked 
|  38|0x0000000083e00000, 0x0000000083e00000, 0x0000000083f00000|  0%| F|  |TAMS 0x0000000083e00000, 0x0000000083e00000| Untracked 
|  39|0x0000000083f00000, 0x0000000083f00000, 0x0000000084000000|  0%| F|  |TAMS 0x0000000083f00000, 0x0000000083f00000| Untracked 
|  40|0x0000000084000000, 0x0000000084000000, 0x0000000084100000|  0%| F|  |TAMS 0x0000000084000000, 0x0000000084000000| Untracked 
|  41|0x0000000084100000, 0x0000000084100000, 0x0000000084200000|  0%| F|  |TAMS 0x0000000084100000, 0x0000000084100000| Untracked 
|  42|0x0000000084200000, 0x0000000084200000, 0x0000000084300000|  0%| F|  |TAMS 0x0000000084200000, 0x0000000084200000| Untracked 
|  43|0x0000000084300000, 0x0000000084300000, 0x0000000084400000|  0%| F|  |TAMS 0x0000000084300000, 0x0000000084300000| Untracked 
|  44|0x0000000084400000, 0x0000000084400000, 0x0000000084500000|  0%| F|  |TAMS 0x0000000084400000, 0x0000000084400000| Untracked 
|  45|0x0000000084500000, 0x0000000084500000, 0x0000000084600000|  0%| F|  |TAMS 0x0000000084500000, 0x0000000084500000| Untracked 
|  46|0x0000000084600000, 0x0000000084600000, 0x0000000084700000|  0%| F|  |TAMS 0x0000000084600000, 0x0000000084600000| Untracked 
|  47|0x0000000084700000, 0x0000000084700000, 0x0000000084800000|  0%| F|  |TAMS 0x0000000084700000, 0x0000000084700000| Untracked 
|  48|0x0000000084800000, 0x0000000084800000, 0x0000000084900000|  0%| F|  |TAMS 0x0000000084800000, 0x0000000084800000| Untracked 
|  49|0x0000000084900000, 0x0000000084900000, 0x0000000084a00000|  0%| F|  |TAMS 0x0000000084900000, 0x0000000084900000| Untracked 
|  50|0x0000000084a00000, 0x0000000084a00000, 0x0000000084b00000|  0%| F|  |TAMS 0x0000000084a00000, 0x0000000084a00000| Untracked 
|  51|0x0000000084b00000, 0x0000000084b00000, 0x0000000084c00000|  0%| F|  |TAMS 0x0000000084b00000, 0x0000000084b00000| Untracked 
|  52|0x0000000084c00000, 0x0000000084c00000, 0x0000000084d00000|  0%| F|  |TAMS 0x0000000084c00000, 0x0000000084c00000| Untracked 
|  53|0x0000000084d00000, 0x0000000084d00000, 0x0000000084e00000|  0%| F|  |TAMS 0x0000000084d00000, 0x0000000084d00000| Untracked 
|  54|0x0000000084e00000, 0x0000000084e00000, 0x0000000084f00000|  0%| F|  |TAMS 0x0000000084e00000, 0x0000000084e00000| Untracked 
|  55|0x0000000084f00000, 0x0000000084f00000, 0x0000000085000000|  0%| F|  |TAMS 0x0000000084f00000, 0x0000000084f00000| Untracked 
|  56|0x0000000085000000, 0x0000000085000000, 0x0000000085100000|  0%| F|  |TAMS 0x0000000085000000, 0x0000000085000000| Untracked 
|  57|0x0000000085100000, 0x0000000085100000, 0x0000000085200000|  0%| F|  |TAMS 0x0000000085100000, 0x0000000085100000| Untracked 
|  58|0x0000000085200000, 0x0000000085200000, 0x0000000085300000|  0%| F|  |TAMS 0x0000000085200000, 0x0000000085200000| Untracked 
|  59|0x0000000085300000, 0x0000000085300000, 0x0000000085400000|  0%| F|  |TAMS 0x0000000085300000, 0x0000000085300000| Untracked 
|  60|0x0000000085400000, 0x0000000085400000, 0x0000000085500000|  0%| F|  |TAMS 0x0000000085400000, 0x0000000085400000| Untracked 
|  61|0x0000000085500000, 0x0000000085600000, 0x0000000085600000|100%| S|CS|TAMS 0x0000000085500000, 0x0000000085500000| Complete 
|  62|0x0000000085600000, 0x0000000085600000, 0x0000000085700000|  0%| F|  |TAMS 0x0000000085600000, 0x0000000085600000| Untracked 
|  63|0x0000000085700000, 0x0000000085700000, 0x0000000085800000|  0%| F|  |TAMS 0x0000000085700000, 0x0000000085700000| Untracked 
|  64|0x0000000085800000, 0x0000000085800000, 0x0000000085900000|  0%| F|  |TAMS 0x0000000085800000, 0x0000000085800000| Untracked 
|  65|0x0000000085900000, 0x0000000085900000, 0x0000000085a00000|  0%| F|  |TAMS 0x0000000085900000, 0x0000000085900000| Untracked 
|  66|0x0000000085a00000, 0x0000000085a00000, 0x0000000085b00000|  0%| F|  |TAMS 0x0000000085a00000, 0x0000000085a00000| Untracked 
|  67|0x0000000085b00000, 0x0000000085b00000, 0x0000000085c00000|  0%| F|  |TAMS 0x0000000085b00000, 0x0000000085b00000| Untracked 
|  68|0x0000000085c00000, 0x0000000085d00000, 0x0000000085d00000|100%| S|CS|TAMS 0x0000000085c00000, 0x0000000085c00000| Complete 
|  69|0x0000000085d00000, 0x0000000085e00000, 0x0000000085e00000|100%| S|CS|TAMS 0x0000000085d00000, 0x0000000085d00000| Complete 
|  70|0x0000000085e00000, 0x0000000085f00000, 0x0000000085f00000|100%| S|CS|TAMS 0x0000000085e00000, 0x0000000085e00000| Complete 
|  71|0x0000000085f00000, 0x0000000086000000, 0x0000000086000000|100%| S|CS|TAMS 0x0000000085f00000, 0x0000000085f00000| Complete 
|  72|0x0000000086000000, 0x0000000086100000, 0x0000000086100000|100%| S|CS|TAMS 0x0000000086000000, 0x0000000086000000| Complete 
|  73|0x0000000086100000, 0x0000000086200000, 0x0000000086200000|100%| S|CS|TAMS 0x0000000086100000, 0x0000000086100000| Complete 
|  74|0x0000000086200000, 0x0000000086300000, 0x0000000086300000|100%| S|CS|TAMS 0x0000000086200000, 0x0000000086200000| Complete 
|  75|0x0000000086300000, 0x0000000086300000, 0x0000000086400000|  0%| F|  |TAMS 0x0000000086300000, 0x0000000086300000| Untracked 
|  76|0x0000000086400000, 0x0000000086400000, 0x0000000086500000|  0%| F|  |TAMS 0x0000000086400000, 0x0000000086400000| Untracked 
|  77|0x0000000086500000, 0x0000000086500000, 0x0000000086600000|  0%| F|  |TAMS 0x0000000086500000, 0x0000000086500000| Untracked 
|  78|0x0000000086600000, 0x0000000086600000, 0x0000000086700000|  0%| F|  |TAMS 0x0000000086600000, 0x0000000086600000| Untracked 
|  79|0x0000000086700000, 0x0000000086700000, 0x0000000086800000|  0%| F|  |TAMS 0x0000000086700000, 0x0000000086700000| Untracked 
|  80|0x0000000086800000, 0x0000000086800000, 0x0000000086900000|  0%| F|  |TAMS 0x0000000086800000, 0x0000000086800000| Untracked 
|  81|0x0000000086900000, 0x0000000086900000, 0x0000000086a00000|  0%| F|  |TAMS 0x0000000086900000, 0x0000000086900000| Untracked 
|  82|0x0000000086a00000, 0x0000000086a00000, 0x0000000086b00000|  0%| F|  |TAMS 0x0000000086a00000, 0x0000000086a00000| Untracked 
|  83|0x0000000086b00000, 0x0000000086b00000, 0x0000000086c00000|  0%| F|  |TAMS 0x0000000086b00000, 0x0000000086b00000| Untracked 
|  84|0x0000000086c00000, 0x0000000086c00000, 0x0000000086d00000|  0%| F|  |TAMS 0x0000000086c00000, 0x0000000086c00000| Untracked 
|  85|0x0000000086d00000, 0x0000000086d00000, 0x0000000086e00000|  0%| F|  |TAMS 0x0000000086d00000, 0x0000000086d00000| Untracked 
|  86|0x0000000086e00000, 0x0000000086e00000, 0x0000000086f00000|  0%| F|  |TAMS 0x0000000086e00000, 0x0000000086e00000| Untracked 
|  87|0x0000000086f00000, 0x0000000086f00000, 0x0000000087000000|  0%| F|  |TAMS 0x0000000086f00000, 0x0000000086f00000| Untracked 
|  88|0x0000000087000000, 0x0000000087000000, 0x0000000087100000|  0%| F|  |TAMS 0x0000000087000000, 0x0000000087000000| Untracked 
|  89|0x0000000087100000, 0x0000000087100000, 0x0000000087200000|  0%| F|  |TAMS 0x0000000087100000, 0x0000000087100000| Untracked 
|  90|0x0000000087200000, 0x0000000087200000, 0x0000000087300000|  0%| F|  |TAMS 0x0000000087200000, 0x0000000087200000| Untracked 
|  91|0x0000000087300000, 0x0000000087300000, 0x0000000087400000|  0%| F|  |TAMS 0x0000000087300000, 0x0000000087300000| Untracked 
|  92|0x0000000087400000, 0x0000000087400000, 0x0000000087500000|  0%| F|  |TAMS 0x0000000087400000, 0x0000000087400000| Untracked 
|  93|0x0000000087500000, 0x0000000087500000, 0x0000000087600000|  0%| F|  |TAMS 0x0000000087500000, 0x0000000087500000| Untracked 
|  94|0x0000000087600000, 0x0000000087600000, 0x0000000087700000|  0%| F|  |TAMS 0x0000000087600000, 0x0000000087600000| Untracked 
|  95|0x0000000087700000, 0x0000000087700000, 0x0000000087800000|  0%| F|  |TAMS 0x0000000087700000, 0x0000000087700000| Untracked 
|  96|0x0000000087800000, 0x0000000087800000, 0x0000000087900000|  0%| F|  |TAMS 0x0000000087800000, 0x0000000087800000| Untracked 
|  97|0x0000000087900000, 0x0000000087900000, 0x0000000087a00000|  0%| F|  |TAMS 0x0000000087900000, 0x0000000087900000| Untracked 
|  98|0x0000000087a00000, 0x0000000087a00000, 0x0000000087b00000|  0%| F|  |TAMS 0x0000000087a00000, 0x0000000087a00000| Untracked 
|  99|0x0000000087b00000, 0x0000000087b00000, 0x0000000087c00000|  0%| F|  |TAMS 0x0000000087b00000, 0x0000000087b00000| Untracked 
| 100|0x0000000087c00000, 0x0000000087c00000, 0x0000000087d00000|  0%| F|  |TAMS 0x0000000087c00000, 0x0000000087c00000| Untracked 
| 101|0x0000000087d00000, 0x0000000087d00000, 0x0000000087e00000|  0%| F|  |TAMS 0x0000000087d00000, 0x0000000087d00000| Untracked 
| 102|0x0000000087e00000, 0x0000000087e00000, 0x0000000087f00000|  0%| F|  |TAMS 0x0000000087e00000, 0x0000000087e00000| Untracked 
| 103|0x0000000087f00000, 0x0000000087f00000, 0x0000000088000000|  0%| F|  |TAMS 0x0000000087f00000, 0x0000000087f00000| Untracked 
| 104|0x0000000088000000, 0x0000000088000000, 0x0000000088100000|  0%| F|  |TAMS 0x0000000088000000, 0x0000000088000000| Untracked 
| 105|0x0000000088100000, 0x0000000088100000, 0x0000000088200000|  0%| F|  |TAMS 0x0000000088100000, 0x0000000088100000| Untracked 
| 106|0x0000000088200000, 0x0000000088200000, 0x0000000088300000|  0%| F|  |TAMS 0x0000000088200000, 0x0000000088200000| Untracked 
| 107|0x0000000088300000, 0x0000000088300000, 0x0000000088400000|  0%| F|  |TAMS 0x0000000088300000, 0x0000000088300000| Untracked 
| 108|0x0000000088400000, 0x0000000088400000, 0x0000000088500000|  0%| F|  |TAMS 0x0000000088400000, 0x0000000088400000| Untracked 
| 109|0x0000000088500000, 0x0000000088500000, 0x0000000088600000|  0%| F|  |TAMS 0x0000000088500000, 0x0000000088500000| Untracked 
| 110|0x0000000088600000, 0x0000000088600000, 0x0000000088700000|  0%| F|  |TAMS 0x0000000088600000, 0x0000000088600000| Untracked 
| 111|0x0000000088700000, 0x0000000088700000, 0x0000000088800000|  0%| F|  |TAMS 0x0000000088700000, 0x0000000088700000| Untracked 
| 112|0x0000000088800000, 0x0000000088800000, 0x0000000088900000|  0%| F|  |TAMS 0x0000000088800000, 0x0000000088800000| Untracked 
| 113|0x0000000088900000, 0x0000000088900000, 0x0000000088a00000|  0%| F|  |TAMS 0x0000000088900000, 0x0000000088900000| Untracked 
| 114|0x0000000088a00000, 0x0000000088a00000, 0x0000000088b00000|  0%| F|  |TAMS 0x0000000088a00000, 0x0000000088a00000| Untracked 
| 115|0x0000000088b00000, 0x0000000088b00000, 0x0000000088c00000|  0%| F|  |TAMS 0x0000000088b00000, 0x0000000088b00000| Untracked 
| 116|0x0000000088c00000, 0x0000000088c80800, 0x0000000088d00000| 50%| E|  |TAMS 0x0000000088c00000, 0x0000000088c00000| Complete 
| 117|0x0000000088d00000, 0x0000000088e00000, 0x0000000088e00000|100%| E|CS|TAMS 0x0000000088d00000, 0x0000000088d00000| Complete 
| 118|0x0000000088e00000, 0x0000000088f00000, 0x0000000088f00000|100%| E|CS|TAMS 0x0000000088e00000, 0x0000000088e00000| Complete 
| 119|0x0000000088f00000, 0x0000000089000000, 0x0000000089000000|100%| E|CS|TAMS 0x0000000088f00000, 0x0000000088f00000| Complete 
| 120|0x0000000089000000, 0x0000000089100000, 0x0000000089100000|100%| E|CS|TAMS 0x0000000089000000, 0x0000000089000000| Complete 
| 121|0x0000000089100000, 0x0000000089200000, 0x0000000089200000|100%| E|CS|TAMS 0x0000000089100000, 0x0000000089100000| Complete 
| 122|0x0000000089200000, 0x0000000089300000, 0x0000000089300000|100%| E|CS|TAMS 0x0000000089200000, 0x0000000089200000| Complete 
| 123|0x0000000089300000, 0x0000000089400000, 0x0000000089400000|100%| E|CS|TAMS 0x0000000089300000, 0x0000000089300000| Complete 
| 124|0x0000000089400000, 0x0000000089500000, 0x0000000089500000|100%| E|CS|TAMS 0x0000000089400000, 0x0000000089400000| Complete 
| 125|0x0000000089500000, 0x0000000089600000, 0x0000000089600000|100%| E|CS|TAMS 0x0000000089500000, 0x0000000089500000| Complete 
| 126|0x0000000089600000, 0x0000000089700000, 0x0000000089700000|100%| E|CS|TAMS 0x0000000089600000, 0x0000000089600000| Complete 
| 127|0x0000000089700000, 0x0000000089800000, 0x0000000089800000|100%| E|CS|TAMS 0x0000000089700000, 0x0000000089700000| Complete 

Card table byte_map: [0x00000182b3150000,0x00000182b3550000] _byte_map_base: 0x00000182b2d44000

Marking Bits (Prev, Next): (CMBitMap*) 0x000001829e44dca8, (CMBitMap*) 0x000001829e44dce0
 Prev Bits: [0x00000182b3950000, 0x00000182b58f0000)
 Next Bits: [0x00000182b58f0000, 0x00000182b7890000)

Polling page: 0x000001829e280000

Metaspace:

Usage:
  Non-class:     50.35 MB capacity,    49.97 MB (>99%) used,   295.01 KB ( <1%) free+waste,    92.56 KB ( <1%) overhead. 
      Class:      6.70 MB capacity,     6.42 MB ( 96%) used,   237.51 KB (  3%) free+waste,    41.31 KB ( <1%) overhead. 
       Both:     57.04 MB capacity,    56.39 MB ( 99%) used,   532.52 KB ( <1%) free+waste,   133.88 KB ( <1%) overhead. 

Virtual space:
  Non-class space:       52.00 MB reserved,      50.50 MB ( 97%) committed 
      Class space:        1.00 GB reserved,       6.82 MB ( <1%) committed 
             Both:        1.05 GB reserved,      57.32 MB (  5%) committed 

Chunk freelists:
   Non-Class:  28.00 KB
       Class:  23.00 KB
        Both:  51.00 KB

MaxMetaspaceSize: 17179869184.00 GB
CompressedClassSpaceSize: 1.00 GB
Initial GC threshold: 20.80 MB
Current GC threshold: 58.88 MB
CDS: off

CodeHeap 'non-profiled nmethods': size=120064Kb used=3162Kb max_used=3162Kb free=116901Kb
 bounds [0x00000182ab1f0000, 0x00000182ab510000, 0x00000182b2730000]
CodeHeap 'profiled nmethods': size=120000Kb used=15512Kb max_used=15512Kb free=104488Kb
 bounds [0x00000182a3cc0000, 0x00000182a4bf0000, 0x00000182ab1f0000]
CodeHeap 'non-nmethods': size=5696Kb used=1290Kb max_used=1336Kb free=4405Kb
 bounds [0x00000182a3730000, 0x00000182a39a0000, 0x00000182a3cc0000]
 total_blobs=6728 nmethods=6150 adapters=488
 compilation: enabled
              stopped_count=0, restarted_count=0
 full_count=0

Compilation events (20 events):
Event: 34.641 Thread 0x00000182b9ebd800 6191       3       org.jetbrains.kotlin.load.java.AbstractAnnotationTypeQualifierResolver::resolveTypeQualifierDefaultAnnotation (248 bytes)
Event: 34.644 Thread 0x00000182b9ebd800 nmethod 6191 0x00000182a4bd2d10 code [0x00000182a4bd30e0, 0x00000182a4bd4ad8]
Event: 34.644 Thread 0x00000182b9ebd800 6192       3       org.jetbrains.kotlin.load.java.ReportLevel::isIgnore (13 bytes)
Event: 34.644 Thread 0x00000182b9ebd800 nmethod 6192 0x00000182a4bd5410 code [0x00000182a4bd55c0, 0x00000182a4bd5718]
Event: 34.644 Thread 0x00000182b9ebd800 6193       3       org.jetbrains.kotlin.builtins.KotlinBuiltIns::isNothing (30 bytes)
Event: 34.645 Thread 0x00000182b9ebd800 nmethod 6193 0x00000182a4bd5790 code [0x00000182a4bd59c0, 0x00000182a4bd5e78]
Event: 34.645 Thread 0x00000182b9ebd800 6195       3       org.jetbrains.kotlin.resolve.DescriptorUtils::isLocal (42 bytes)
Event: 34.646 Thread 0x00000182b9ebd800 nmethod 6195 0x00000182a4bd6010 code [0x00000182a4bd6240, 0x00000182a4bd6998]
Event: 34.646 Thread 0x00000182b9ebd800 6194       3       org.jetbrains.kotlin.types.TypeSubstitutor::unsafeSubstitute (813 bytes)
Event: 34.657 Thread 0x00000182b9ebd800 nmethod 6194 0x00000182a4bd6b90 code [0x00000182a4bd7840, 0x00000182a4bdf3d8]
Event: 34.657 Thread 0x00000182b9ebd800 6197       3       org.jetbrains.kotlin.resolve.OverridingUtilTypeSystemContext::asDynamicType (6 bytes)
Event: 34.658 Thread 0x00000182b9ebd800 nmethod 6197 0x00000182a4be1890 code [0x00000182a4be1a40, 0x00000182a4be1b68]
Event: 34.658 Thread 0x00000182b9ebd800 6198       3       org.jetbrains.kotlin.load.java.lazy.descriptors.LazyJavaAnnotationDescriptor::<init> (172 bytes)
Event: 34.661 Thread 0x00000182b9ebd800 nmethod 6198 0x00000182a4be1c10 code [0x00000182a4be20e0, 0x00000182a4be4568]
Event: 34.661 Thread 0x00000182b9ebd800 6190       3       org.jetbrains.kotlin.resolve.scopes.MemberScope$Companion$ALL_NAME_FILTER$1::invoke (11 bytes)
Event: 34.662 Thread 0x00000182b9ebd800 nmethod 6190 0x00000182a4be5190 code [0x00000182a4be53c0, 0x00000182a4be59b8]
Event: 34.662 Thread 0x00000182b9ebd800 6188       3       org.jetbrains.kotlin.builtins.KotlinBuiltIns::isAny (17 bytes)
Event: 34.662 Thread 0x00000182b9ebd800 nmethod 6188 0x00000182a4be5c10 code [0x00000182a4be5de0, 0x00000182a4be5f78]
Event: 34.662 Thread 0x00000182b9ebd800 6196       1       javaslang.collection.HashArrayMappedTrieModule$IndexedNode::size (5 bytes)
Event: 34.663 Thread 0x00000182b9ebd800 nmethod 6196 0x00000182ab506690 code [0x00000182ab506840, 0x00000182ab5068f8]

GC Heap History (14 events):
Event: 2.501 GC heap before
{Heap before GC invocations=0 (full 0):
 garbage-first heap   total 131072K, used 17408K [0x0000000081800000, 0x0000000100000000)
  region size 1024K, 14 young (14336K), 0 survivors (0K)
 Metaspace       used 9845K, capacity 9970K, committed 10112K, reserved 1058816K
  class space    used 830K, capacity 853K, committed 896K, reserved 1048576K
}
Event: 2.508 GC heap after
{Heap after GC invocations=1 (full 0):
 garbage-first heap   total 131072K, used 5588K [0x0000000081800000, 0x0000000100000000)
  region size 1024K, 2 young (2048K), 2 survivors (2048K)
 Metaspace       used 9845K, capacity 9970K, committed 10112K, reserved 1058816K
  class space    used 830K, capacity 853K, committed 896K, reserved 1048576K
}
Event: 6.865 GC heap before
{Heap before GC invocations=1 (full 0):
 garbage-first heap   total 131072K, used 51668K [0x0000000081800000, 0x0000000100000000)
  region size 1024K, 48 young (49152K), 2 survivors (2048K)
 Metaspace       used 21017K, capacity 21203K, committed 21248K, reserved 1069056K
  class space    used 2214K, capacity 2287K, committed 2304K, reserved 1048576K
}
Event: 6.887 GC heap after
{Heap after GC invocations=2 (full 0):
 garbage-first heap   total 131072K, used 9184K [0x0000000081800000, 0x0000000100000000)
  region size 1024K, 6 young (6144K), 6 survivors (6144K)
 Metaspace       used 21017K, capacity 21203K, committed 21248K, reserved 1069056K
  class space    used 2214K, capacity 2287K, committed 2304K, reserved 1048576K
}
Event: 12.623 GC heap before
{Heap before GC invocations=3 (full 0):
 garbage-first heap   total 131072K, used 61408K [0x0000000081800000, 0x0000000100000000)
  region size 1024K, 52 young (53248K), 6 survivors (6144K)
 Metaspace       used 31303K, capacity 31786K, committed 31872K, reserved 1077248K
  class space    used 3730K, capacity 3934K, committed 3968K, reserved 1048576K
}
Event: 12.654 GC heap after
{Heap after GC invocations=4 (full 0):
 garbage-first heap   total 131072K, used 21354K [0x0000000081800000, 0x0000000100000000)
  region size 1024K, 7 young (7168K), 7 survivors (7168K)
 Metaspace       used 31303K, capacity 31786K, committed 31872K, reserved 1077248K
  class space    used 3730K, capacity 3934K, committed 3968K, reserved 1048576K
}
Event: 14.435 GC heap before
{Heap before GC invocations=4 (full 0):
 garbage-first heap   total 131072K, used 36714K [0x0000000081800000, 0x0000000100000000)
  region size 1024K, 23 young (23552K), 7 survivors (7168K)
 Metaspace       used 35325K, capacity 35766K, committed 35840K, reserved 1081344K
  class space    used 4387K, capacity 4577K, committed 4608K, reserved 1048576K
}
Event: 14.453 GC heap after
{Heap after GC invocations=5 (full 0):
 garbage-first heap   total 131072K, used 23236K [0x0000000081800000, 0x0000000100000000)
  region size 1024K, 2 young (2048K), 2 survivors (2048K)
 Metaspace       used 35325K, capacity 35766K, committed 35840K, reserved 1081344K
  class space    used 4387K, capacity 4577K, committed 4608K, reserved 1048576K
}
Event: 19.592 GC heap before
{Heap before GC invocations=6 (full 0):
 garbage-first heap   total 131072K, used 74436K [0x0000000081800000, 0x0000000100000000)
  region size 1024K, 52 young (53248K), 2 survivors (2048K)
 Metaspace       used 46028K, capacity 46618K, committed 46796K, reserved 1089536K
  class space    used 5464K, capacity 5713K, committed 5836K, reserved 1048576K
}
Event: 19.606 GC heap after
{Heap after GC invocations=7 (full 0):
 garbage-first heap   total 131072K, used 24754K [0x0000000081800000, 0x0000000100000000)
  region size 1024K, 6 young (6144K), 6 survivors (6144K)
 Metaspace       used 46028K, capacity 46618K, committed 46796K, reserved 1089536K
  class space    used 5464K, capacity 5713K, committed 5836K, reserved 1048576K
}
Event: 24.303 GC heap before
{Heap before GC invocations=7 (full 0):
 garbage-first heap   total 131072K, used 83122K [0x0000000081800000, 0x0000000100000000)
  region size 1024K, 60 young (61440K), 6 survivors (6144K)
 Metaspace       used 49766K, capacity 50449K, committed 50636K, reserved 1093632K
  class space    used 5811K, capacity 6066K, committed 6092K, reserved 1048576K
}
Event: 24.338 GC heap after
{Heap after GC invocations=8 (full 0):
 garbage-first heap   total 131072K, used 32444K [0x0000000081800000, 0x0000000100000000)
  region size 1024K, 6 young (6144K), 6 survivors (6144K)
 Metaspace       used 49766K, capacity 50449K, committed 50636K, reserved 1093632K
  class space    used 5811K, capacity 6066K, committed 6092K, reserved 1048576K
}
Event: 33.915 GC heap before
{Heap before GC invocations=8 (full 0):
 garbage-first heap   total 131072K, used 86716K [0x0000000081800000, 0x0000000100000000)
  region size 1024K, 59 young (60416K), 6 survivors (6144K)
 Metaspace       used 57567K, capacity 58284K, committed 58444K, reserved 1101824K
  class space    used 6574K, capacity 6857K, committed 6988K, reserved 1048576K
}
Event: 33.946 GC heap after
{Heap after GC invocations=9 (full 0):
 garbage-first heap   total 131072K, used 40960K [0x0000000081800000, 0x0000000100000000)
  region size 1024K, 8 young (8192K), 8 survivors (8192K)
 Metaspace       used 57567K, capacity 58284K, committed 58444K, reserved 1101824K
  class space    used 6574K, capacity 6857K, committed 6988K, reserved 1048576K
}

Deoptimization events (20 events):
Event: 32.983 Thread 0x000001829e40b800 DEOPT PACKING pc=0x00000182ab492a6c sp=0x00000075889f95b0
Event: 32.983 Thread 0x000001829e40b800 DEOPT UNPACKING pc=0x00000182a377a1af sp=0x00000075889f9588 mode 2
Event: 33.321 Thread 0x000001829e40b800 Uncommon trap: trap_request=0xffffffbe fr.pc=0x00000182ab4e09b0 relative=0x00000000000006d0
Event: 33.322 Thread 0x000001829e40b800 Uncommon trap: reason=profile_predicate action=maybe_recompile pc=0x00000182ab4e09b0 method=kotlin.collections.CollectionsKt__MutableCollectionsKt.addAll(Ljava/util/Collection;Ljava/lang/Iterable;)Z @ 39 c2
Event: 33.322 Thread 0x000001829e40b800 DEOPT PACKING pc=0x00000182ab4e09b0 sp=0x00000075889faa70
Event: 33.322 Thread 0x000001829e40b800 DEOPT UNPACKING pc=0x00000182a377a1af sp=0x00000075889faa40 mode 2
Event: 33.322 Thread 0x000001829e40b800 Uncommon trap: trap_request=0xffffffbe fr.pc=0x00000182ab4e09b0 relative=0x00000000000006d0
Event: 33.322 Thread 0x000001829e40b800 Uncommon trap: reason=profile_predicate action=maybe_recompile pc=0x00000182ab4e09b0 method=kotlin.collections.CollectionsKt__MutableCollectionsKt.addAll(Ljava/util/Collection;Ljava/lang/Iterable;)Z @ 39 c2
Event: 33.322 Thread 0x000001829e40b800 DEOPT PACKING pc=0x00000182ab4e09b0 sp=0x00000075889fab40
Event: 33.322 Thread 0x000001829e40b800 DEOPT UNPACKING pc=0x00000182a377a1af sp=0x00000075889fab10 mode 2
Event: 33.332 Thread 0x000001829e40b800 Uncommon trap: trap_request=0xffffffbe fr.pc=0x00000182ab4e09b0 relative=0x00000000000006d0
Event: 33.332 Thread 0x000001829e40b800 Uncommon trap: reason=profile_predicate action=maybe_recompile pc=0x00000182ab4e09b0 method=kotlin.collections.CollectionsKt__MutableCollectionsKt.addAll(Ljava/util/Collection;Ljava/lang/Iterable;)Z @ 39 c2
Event: 33.332 Thread 0x000001829e40b800 DEOPT PACKING pc=0x00000182ab4e09b0 sp=0x00000075889f9e80
Event: 33.332 Thread 0x000001829e40b800 DEOPT UNPACKING pc=0x00000182a377a1af sp=0x00000075889f9e50 mode 2
Event: 33.333 Thread 0x000001829e40b800 Uncommon trap: trap_request=0xffffffbe fr.pc=0x00000182ab4e09b0 relative=0x00000000000006d0
Event: 33.333 Thread 0x000001829e40b800 Uncommon trap: reason=profile_predicate action=maybe_recompile pc=0x00000182ab4e09b0 method=kotlin.collections.CollectionsKt__MutableCollectionsKt.addAll(Ljava/util/Collection;Ljava/lang/Iterable;)Z @ 39 c2
Event: 33.333 Thread 0x000001829e40b800 DEOPT PACKING pc=0x00000182ab4e09b0 sp=0x00000075889f9f50
Event: 33.334 Thread 0x000001829e40b800 DEOPT UNPACKING pc=0x00000182a377a1af sp=0x00000075889f9f20 mode 2
Event: 34.626 Thread 0x000001829e40b800 DEOPT PACKING pc=0x00000182a45fcb4b sp=0x00000075889fbb20
Event: 34.626 Thread 0x000001829e40b800 DEOPT UNPACKING pc=0x00000182a377a95e sp=0x00000075889fafc0 mode 0

Classes redefined (0 events):
No events

Internal exceptions (20 events):
Event: 9.291 Thread 0x000001829e40b800 Exception <a 'sun/nio/fs/WindowsException'{0x000000008870ea10}> (0x000000008870ea10) thrown at [./src/hotspot/share/prims/jni.cpp, line 616]
Event: 9.291 Thread 0x000001829e40b800 Exception <a 'sun/nio/fs/WindowsException'{0x000000008870f298}> (0x000000008870f298) thrown at [./src/hotspot/share/prims/jni.cpp, line 616]
Event: 9.291 Thread 0x000001829e40b800 Exception <a 'sun/nio/fs/WindowsException'{0x000000008870fc80}> (0x000000008870fc80) thrown at [./src/hotspot/share/prims/jni.cpp, line 616]
Event: 9.292 Thread 0x000001829e40b800 Exception <a 'sun/nio/fs/WindowsException'{0x0000000088710568}> (0x0000000088710568) thrown at [./src/hotspot/share/prims/jni.cpp, line 616]
Event: 9.292 Thread 0x000001829e40b800 Exception <a 'sun/nio/fs/WindowsException'{0x0000000088710ea0}> (0x0000000088710ea0) thrown at [./src/hotspot/share/prims/jni.cpp, line 616]
Event: 9.298 Thread 0x000001829e40b800 Exception <a 'java/lang/NoSuchMethodError'{0x0000000088717660}: 'void java.lang.invoke.DirectMethodHandle$Holder.invokeStatic(java.lang.Object, java.lang.Object, java.lang.Object, java.lang.Object)'> (0x0000000088717660) thrown at [./src/hotspot/share/interpreter/linkResolver.cpp, line 773]
Event: 9.812 Thread 0x000001829e40b800 Exception <a 'java/lang/NoSuchMethodError'{0x00000000884f7418}: 'void java.lang.invoke.DirectMethodHandle$Holder.invokeStaticInit(java.lang.Object, java.lang.Object)'> (0x00000000884f7418) thrown at [./src/hotspot/share/interpreter/linkResolver.cpp, line 773]
Event: 10.657 Thread 0x000001829e40b800 Exception <a 'java/lang/NoSuchMethodError'{0x0000000087d40348}: 'void java.lang.invoke.DirectMethodHandle$Holder.invokeVirtual(java.lang.Object, java.lang.Object)'> (0x0000000087d40348) thrown at [./src/hotspot/share/interpreter/linkResolver.cpp, line 773]
Event: 10.716 Thread 0x000001829e40b800 Exception <a 'java/lang/NoSuchMethodError'{0x0000000087db1b90}: 'int java.lang.invoke.DirectMethodHandle$Holder.invokeVirtual(java.lang.Object, java.lang.Object)'> (0x0000000087db1b90) thrown at [./src/hotspot/share/interpreter/linkResolver.cpp, line 773]
Event: 14.487 Thread 0x000001829e40b800 Exception <a 'java/lang/NoSuchMethodError'{0x00000000897ea338}: 'java.lang.Object java.lang.invoke.DirectMethodHandle$Holder.invokeVirtual(java.lang.Object, java.lang.Object, java.lang.Object)'> (0x00000000897ea338) thrown at [./src/hotspot/share/interpreter/linkResolver.cpp, line 773]
Event: 17.526 Thread 0x000001829e40b800 Exception <a 'java/lang/NoSuchMethodError'{0x0000000086c35c38}: 'java.lang.Object java.lang.invoke.Invokers$Holder.linkToTargetMethod(java.lang.Object, int, java.lang.Object)'> (0x0000000086c35c38) thrown at [./src/hotspot/share/interpreter/linkResolver.cpp, line 773]
Event: 18.680 Thread 0x000001829e40b800 Exception <a 'java/lang/NoSuchMethodError'{0x00000000868a7230}: 'java.lang.Object java.lang.invoke.DirectMethodHandle$Holder.invokeStatic(java.lang.Object, java.lang.Object, java.lang.Object, int)'> (0x00000000868a7230) thrown at [./src/hotspot/share/interpreter/linkResolver.cpp, line 773]
Event: 18.681 Thread 0x000001829e40b800 Exception <a 'java/lang/NoSuchMethodError'{0x00000000868aaea0}: 'java.lang.Object java.lang.invoke.DirectMethodHandle$Holder.invokeSpecial(java.lang.Object, java.lang.Object, java.lang.Object, java.lang.Object, int)'> (0x00000000868aaea0) thrown at [./src/hotspot/share/interpreter/linkResolver.cpp, line 773]
Event: 18.681 Thread 0x000001829e40b800 Exception <a 'java/lang/NoSuchMethodError'{0x00000000868ae1b0}: 'java.lang.Object java.lang.invoke.Invokers$Holder.linkToTargetMethod(java.lang.Object, java.lang.Object, int, java.lang.Object)'> (0x00000000868ae1b0) thrown at [./src/hotspot/share/interpreter/linkResolver.cpp, line 773]
Event: 25.462 Thread 0x000001829e40b800 Implicit null exception at 0x00000182ab37457e to 0x00000182ab37480c
Event: 27.372 Thread 0x000001829e40b800 Exception <a 'java/lang/NoSuchMethodError'{0x0000000088851808}: 'java.lang.Object java.lang.invoke.Invokers$Holder.linkToTargetMethod(java.lang.Object, java.lang.Object, java.lang.Object, java.lang.Object, java.lang.Object, java.lang.Object)'> (0x0000000088851808) thrown at [./src/hotspot/share/interpreter/linkResolver.cpp, line 773]
Event: 27.714 Thread 0x000001829e40b800 Implicit null exception at 0x00000182ab332ccc to 0x00000182ab332da8
Event: 29.739 Thread 0x000001829e40b800 Exception <a 'java/lang/NoSuchMethodError'{0x0000000087a1b848}: 'java.lang.Object java.lang.invoke.DirectMethodHandle$Holder.invokeSpecial(java.lang.Object, java.lang.Object, java.lang.Object, java.lang.Object, java.lang.Object, java.lang.Object, java.lang.Object, java.lang.Object, java.lang.Object)'> (0x0000000087a1b848) thrown at [./src/hotspot/share/interpreter/linkResolver.cpp, line 773]
Event: 29.739 Thread 0x000001829e40b800 Exception <a 'java/lang/NoSuchMethodError'{0x0000000087a1fa40}: 'java.lang.Object java.lang.invoke.Invokers$Holder.linkToTargetMethod(java.lang.Object, java.lang.Object, java.lang.Object, java.lang.Object, java.lang.Object, java.lang.Object, java.lang.Object, java.lang.Object)'> (0x0000000087a1fa40) thrown at [./src/hotspot/share/interpreter/linkResolver.cpp, line 773]
Event: 32.981 Thread 0x000001829e40b800 Exception <a 'java/lang/NoSuchMethodError'{0x0000000086a08d90}: 'java.lang.Object java.lang.invoke.DirectMethodHandle$Holder.invokeStaticInit(java.lang.Object, java.lang.Object, java.lang.Object)'> (0x0000000086a08d90) thrown at [./src/hotspot/share/interpreter/linkResolver.cpp, line 773]

Events (20 events):
Event: 33.915 Executing VM operation: G1CollectForAllocation
Event: 33.946 Executing VM operation: G1CollectForAllocation done
Event: 33.971 loading class org/jetbrains/kotlin/resolve/calls/inference/CapturedTypeConstructorKt$wrapWithCapturingSubstitution$2
Event: 33.971 loading class org/jetbrains/kotlin/resolve/calls/inference/CapturedTypeConstructorKt$wrapWithCapturingSubstitution$2 done
Event: 33.974 loading class org/jetbrains/kotlin/load/java/lazy/types/TypeParameterUpperBoundEraser$DataToEraseUpperBound
Event: 33.974 loading class org/jetbrains/kotlin/load/java/lazy/types/TypeParameterUpperBoundEraser$DataToEraseUpperBound done
Event: 33.977 loading class org/jetbrains/kotlin/load/java/lazy/types/RawSubstitution$WhenMappings
Event: 33.977 loading class org/jetbrains/kotlin/load/java/lazy/types/RawSubstitution$WhenMappings done
Event: 33.977 loading class org/jetbrains/kotlin/load/java/lazy/types/RawSubstitution$eraseInflexibleBasedOnClassDescriptor$2
Event: 33.977 loading class org/jetbrains/kotlin/load/java/lazy/types/RawSubstitution$eraseInflexibleBasedOnClassDescriptor$2 done
Event: 33.978 loading class org/jetbrains/kotlin/load/java/lazy/types/RawTypeImpl
Event: 33.978 loading class org/jetbrains/kotlin/load/java/lazy/types/RawTypeImpl done
Event: 34.179 loading class org/jetbrains/kotlin/types/checker/ClassicTypeSystemContext$substitutionSupertypePolicy$2
Event: 34.179 loading class org/jetbrains/kotlin/types/checker/ClassicTypeSystemContext$substitutionSupertypePolicy$2 done
Event: 34.180 loading class org/jetbrains/kotlin/types/TypeCheckerState$SupertypesPolicy$DoCustomTransform
Event: 34.180 loading class org/jetbrains/kotlin/types/TypeCheckerState$SupertypesPolicy$DoCustomTransform done
Event: 34.480 Executing VM operation: ICBufferFull
Event: 34.484 Executing VM operation: ICBufferFull done
Event: 34.602 Executing VM operation: ICBufferFull
Event: 34.602 Executing VM operation: ICBufferFull done


Dynamic libraries:
0x00007ff770cb0000 - 0x00007ff770cba000 	C:\Program Files\Android\Android Studio2\jre\bin\java.exe
0x00007ffb24430000 - 0x00007ffb24626000 	C:\WINDOWS\SYSTEM32\ntdll.dll
0x00007ffb24160000 - 0x00007ffb2421d000 	C:\WINDOWS\System32\KERNEL32.DLL
0x00007ffb21ec0000 - 0x00007ffb22188000 	C:\WINDOWS\System32\KERNELBASE.dll
0x00007ffb222b0000 - 0x00007ffb223b0000 	C:\WINDOWS\System32\ucrtbase.dll
0x00007ffb051f0000 - 0x00007ffb05209000 	C:\Program Files\Android\Android Studio2\jre\bin\jli.dll
0x00007ffb23f60000 - 0x00007ffb24100000 	C:\WINDOWS\System32\USER32.dll
0x00007ffb05340000 - 0x00007ffb05357000 	C:\Program Files\Android\Android Studio2\jre\bin\VCRUNTIME140.dll
0x00007ffb21d80000 - 0x00007ffb21da2000 	C:\WINDOWS\System32\win32u.dll
0x00007ffb22900000 - 0x00007ffb2292a000 	C:\WINDOWS\System32\GDI32.dll
0x00007ffb0f6a0000 - 0x00007ffb0f93b000 	C:\WINDOWS\WinSxS\amd64_microsoft.windows.common-controls_6595b64144ccf1df_6.0.19041.488_none_ca04af081b815d21\COMCTL32.dll
0x00007ffb21db0000 - 0x00007ffb21eb9000 	C:\WINDOWS\System32\gdi32full.dll
0x00007ffb22680000 - 0x00007ffb2271e000 	C:\WINDOWS\System32\msvcrt.dll
0x00007ffb22190000 - 0x00007ffb2222d000 	C:\WINDOWS\System32\msvcp_win.dll
0x00007ffb23e00000 - 0x00007ffb23e30000 	C:\WINDOWS\System32\IMM32.DLL
0x00007ffae6ef0000 - 0x00007ffae6f8d000 	C:\Program Files\Android\Android Studio2\jre\bin\msvcp140.dll
0x00007ffb053d0000 - 0x00007ffb05ed2000 	C:\Program Files\Android\Android Studio2\jre\bin\server\jvm.dll
0x00007ffb224a0000 - 0x00007ffb2254c000 	C:\WINDOWS\System32\ADVAPI32.dll
0x00007ffb22ac0000 - 0x00007ffb22b5b000 	C:\WINDOWS\System32\sechost.dll
0x00007ffb23e30000 - 0x00007ffb23f54000 	C:\WINDOWS\System32\RPCRT4.dll
0x00007ffb227d0000 - 0x00007ffb227d8000 	C:\WINDOWS\System32\PSAPI.DLL
0x00007ffaf8580000 - 0x00007ffaf8589000 	C:\WINDOWS\SYSTEM32\WSOCK32.dll
0x00007ffb24240000 - 0x00007ffb242ab000 	C:\WINDOWS\System32\WS2_32.dll
0x00007ffb11c70000 - 0x00007ffb11c97000 	C:\WINDOWS\SYSTEM32\WINMM.dll
0x00007ffb12020000 - 0x00007ffb1202a000 	C:\WINDOWS\SYSTEM32\VERSION.dll
0x00007ffb1f9a0000 - 0x00007ffb1f9b2000 	C:\WINDOWS\SYSTEM32\kernel.appcore.dll
0x00007ffb1e850000 - 0x00007ffb1e861000 	C:\Program Files\Android\Android Studio2\jre\bin\verify.dll
0x00007ffb119f0000 - 0x00007ffb11bd4000 	C:\WINDOWS\SYSTEM32\DBGHELP.DLL
0x00007ffb10230000 - 0x00007ffb1025c000 	C:\WINDOWS\SYSTEM32\dbgcore.DLL
0x00007ffb22230000 - 0x00007ffb222af000 	C:\WINDOWS\System32\bcryptPrimitives.dll
0x00007ffb1e820000 - 0x00007ffb1e849000 	C:\Program Files\Android\Android Studio2\jre\bin\java.dll
0x00007ffb1e810000 - 0x00007ffb1e81b000 	C:\Program Files\Android\Android Studio2\jre\bin\jimage.dll
0x00007ffb1e7f0000 - 0x00007ffb1e808000 	C:\Program Files\Android\Android Studio2\jre\bin\zip.dll
0x00007ffb22fa0000 - 0x00007ffb236e1000 	C:\WINDOWS\System32\SHELL32.dll
0x00007ffb1fc80000 - 0x00007ffb20415000 	C:\WINDOWS\SYSTEM32\windows.storage.dll
0x00007ffb22b60000 - 0x00007ffb22eb5000 	C:\WINDOWS\System32\combase.dll
0x00007ffb21440000 - 0x00007ffb2146c000 	C:\WINDOWS\SYSTEM32\Wldp.dll
0x00007ffb22720000 - 0x00007ffb227ce000 	C:\WINDOWS\System32\SHCORE.dll
0x00007ffb22a60000 - 0x00007ffb22ab5000 	C:\WINDOWS\System32\shlwapi.dll
0x00007ffb21aa0000 - 0x00007ffb21ac6000 	C:\WINDOWS\SYSTEM32\profapi.dll
0x00007ffb1e7d0000 - 0x00007ffb1e7ea000 	C:\Program Files\Android\Android Studio2\jre\bin\net.dll
0x00007ffb1b7b0000 - 0x00007ffb1b8b0000 	C:\WINDOWS\SYSTEM32\WINHTTP.dll
0x00007ffb21230000 - 0x00007ffb2129a000 	C:\WINDOWS\system32\mswsock.dll
0x00007ffb1e7b0000 - 0x00007ffb1e7c4000 	C:\Program Files\Android\Android Studio2\jre\bin\nio.dll

dbghelp: loaded successfully - version: 4.0.5 - missing functions: none
symbol engine: initialized successfully - sym options: 0x614 - pdb path: .;C:\Program Files\Android\Android Studio2\jre\bin;C:\WINDOWS\SYSTEM32;C:\WINDOWS\WinSxS\amd64_microsoft.windows.common-controls_6595b64144ccf1df_6.0.19041.488_none_ca04af081b815d21;C:\Program Files\Android\Android Studio2\jre\bin\server

VM Arguments:
java_command: org.jetbrains.kotlin.cli.jvm.K2JVMCompiler @C:\Users\JOSH\work_projects\AndroidStudioProjects\Medix\features\message-feature\build\20221215_14206563548237933295.compiler.options
java_class_path (initial): C:\Users\JOSH\.gradle\caches\modules-2\files-2.1\org.jetbrains.kotlin\kotlin-compiler-embeddable\1.6.21\97bdd5a752ce73b58ef16c17bc7f0ea2faff7a2e\kotlin-compiler-embeddable-1.6.21.jar;C:\Users\JOSH\.gradle\caches\modules-2\files-2.1\org.jetbrains.kotlin\kotlin-reflect\1.6.21\5dc3574d9b7bebfcb4ec6b10ada4aaa9e140bd0b\kotlin-reflect-1.6.21.jar;C:\Users\JOSH\.gradle\caches\modules-2\files-2.1\org.jetbrains.kotlin\kotlin-stdlib\1.6.21\11ef67f1900634fd951bad28c53ec957fabbe5b8\kotlin-stdlib-1.6.21.jar;C:\Users\JOSH\.gradle\caches\modules-2\files-2.1\org.jetbrains.kotlin\kotlin-script-runtime\1.6.21\99c6675100da5d6d5b1c5a1032f27f28008d101b\kotlin-script-runtime-1.6.21.jar;C:\Users\JOSH\.gradle\caches\modules-2\files-2.1\org.jetbrains.kotlin\kotlin-daemon-embeddable\1.6.21\46b78cf392e1c4f10854c3cadba44abb7b82250f\kotlin-daemon-embeddable-1.6.21.jar;C:\Users\JOSH\.gradle\caches\modules-2\files-2.1\org.jetbrains.intellij.deps\trove4j\1.0.20200330\3afb14d5f9ceb459d724e907a21145e8ff394f02\trove4j-1.0.20200330.jar;C:\Users\JOSH\.gradle\caches\modules-2\files-2.1\net.java.dev.jna\jna\5.6.0\330f2244e9030119ab3030fc3fededc86713d9cc\jna-5.6.0.jar;C:\Users\JOSH\.gradle\caches\modules-2\files-2.1\org.jetbrains.kotlin\kotlin-stdlib-common\1.6.21\5e5b55c26dbc80372a920aef60eb774b714559b8\kotlin-stdlib-common-1.6.21.jar;C:\Users\JOSH\.gradle\caches\modules-2\files-2.1\org.jetbrains\annotations\13.0\919f0dfe192fb4e063e7dacadee7f8bb9a2672a9\annotations-13.0.jar
Launcher Type: SUN_STANDARD

[Global flags]
     intx CICompilerCount                          = 3                                         {product} {ergonomic}
     uint ConcGCThreads                            = 1                                         {product} {ergonomic}
     uint G1ConcRefinementThreads                  = 4                                         {product} {ergonomic}
   size_t G1HeapRegionSize                         = 1048576                                   {product} {ergonomic}
    uintx GCDrainStackTargetSize                   = 64                                        {product} {ergonomic}
   size_t InitialHeapSize                          = 134217728                                 {product} {ergonomic}
   size_t MarkStackSize                            = 4194304                                   {product} {ergonomic}
   size_t MaxHeapSize                              = 2122317824                                {product} {ergonomic}
   size_t MaxNewSize                               = 1272971264                                {product} {ergonomic}
   size_t MinHeapDeltaBytes                        = 1048576                                   {product} {ergonomic}
    uintx NonNMethodCodeHeapSize                   = 5830732                                {pd product} {ergonomic}
    uintx NonProfiledCodeHeapSize                  = 122913754                              {pd product} {ergonomic}
    uintx ProfiledCodeHeapSize                     = 122913754                              {pd product} {ergonomic}
    uintx ReservedCodeCacheSize                    = 251658240                              {pd product} {ergonomic}
     bool SegmentedCodeCache                       = true                                      {product} {ergonomic}
     bool UseCompressedClassPointers               = true                                 {lp64_product} {ergonomic}
     bool UseCompressedOops                        = true                                 {lp64_product} {ergonomic}
     bool UseG1GC                                  = true                                      {product} {ergonomic}
     bool UseLargePagesIndividualAllocation        = false                                  {pd product} {ergonomic}

Logging:
Log output configuration:
 #0: stdout all=warning uptime,level,tags
 #1: stderr all=off uptime,level,tags

Environment Variables:
PATH=C:\Program Files (x86)\VMware\VMware Player\bin\;C:\WINDOWS\system32;C:\WINDOWS;C:\WINDOWS\System32\Wbem;C:\WINDOWS\System32\WindowsPowerShell\v1.0\;C:\Program Files\Git\cmd;C:\MinGW\bin;C:\Program Files\dotnet\;C:\ProgramData\ComposerSetup\bin;C:\Program Files\PuTTY\;C:\Program Files\nodejs\;C:\WINDOWS\System32\OpenSSH\;C:\Program Files\Inkscape\bin;C:\Program Files\Docker\Docker\resources\bin;C:\ProgramData\DockerDesktop\version-bin;C:\Program Files (x86)\Gpg4win\..\GnuPG\bin;C:\Program Files\SourceGear\Common\DiffMerge\;C:\Users\JOSH\AppData\Local\Programs\Python\Python39\Scripts\;C:\Users\JOSH\AppData\Local\Programs\Python\Python39\;C:\Users\JOSH\AppData\Local\Microsoft\WindowsApps;C:\Program Files\JetBrains\IntelliJ IDEA Community Edition 2020.1.2\bin;;C:\Program Files\Java\jdk-14.0.1\bin;C:\Gradle\gradle-7.4.2\bin;C:\Users\JOSH\AppData\Local\Programs\Microsoft VS Code\bin;C:\Program Files\Git\cmd;C:\Program Files\JetBrains\PyCharm Community Edition 2020.3.4\bin;;C:\Users\JOSH\.dotnet\tools;C:\xampp\php;C:\Users\JOSH\AppData\Roaming\Composer\vendor\bin;C:\Windows\System32\OpenSSH;C:\Users\JOSH\AppData\Local\Programs\mongosh\;C:\Program Files\MongoDB\Server\5.0\bin;C:\Users\JOSH\AppData\Roaming\npm;C:\platform-tools;C:\Program Files\JetBrains\WebStorm 2022.1.4\bin;;C:\Program Files\JetBrains\CLion 2022.1.3\bin;;C:\Program Files\JetBrains\IntelliJ IDEA 2022.1.4\bin;;C:\Program Files\JetBrains\PhpStorm 2022.1.4\bin;;C:\Program Files\SourceGear\Common\DiffMerge\;C:\Program Files\JetBrains\RubyMine 2022.2.3\bin;;
USERNAME=JOSH
OS=Windows_NT
PROCESSOR_IDENTIFIER=Intel64 Family 6 Model 78 Stepping 3, GenuineIntel



---------------  S Y S T E M  ---------------

OS: Windows 10 , 64 bit Build 19041 (10.0.19041.546)
OS uptime: 0 days 6:13 hours
Hyper-V role detected

CPU:total 4 (initial active 4) (2 cores per cpu, 2 threads per core) family 6 model 78 stepping 3 microcode 0xcc, cmov, cx8, fxsr, mmx, sse, sse2, sse3, ssse3, sse4.1, sse4.2, popcnt, avx, avx2, aes, clmul, erms, 3dnowpref, lzcnt, ht, tsc, tscinvbit, bmi1, bmi2, adx, fma

Memory: 4k page, system-wide physical 8088M (300M free)
TotalPageFile size 13673M (AvailPageFile size 1299M)
current process WorkingSet (physical memory assigned to process): 233M, peak: 253M
current process commit charge ("private bytes"): 290M, peak: 311M

vm_info: OpenJDK 64-Bit Server VM (11.0.13+0-b1751.21-8125866) for windows-amd64 JRE (11.0.13+0-b1751.21-8125866), built on Feb  2 2022 03:00:22 by "builder" with MS VC++ 14.0 (VS2015)

END.
